[04-Apr-2016 10:25:21 UTC] PHP Parse error:  syntax error, unexpected '}' in /home/ubuntu/workspace/galerija/slideshow/demo.php on line 71
[04-Apr-2016 10:25:38 UTC] PHP Parse error:  syntax error, unexpected ',' in /home/ubuntu/workspace/galerija/slideshow/demo.php on line 71
[04-Apr-2016 10:25:39 UTC] PHP Parse error:  syntax error, unexpected ',' in /home/ubuntu/workspace/galerija/slideshow/demo.php on line 71
[04-Apr-2016 10:25:40 UTC] PHP Parse error:  syntax error, unexpected ',' in /home/ubuntu/workspace/galerija/slideshow/demo.php on line 71
[04-Apr-2016 10:26:01 UTC] PHP Parse error:  syntax error, unexpected '}' in /home/ubuntu/workspace/galerija/slideshow/demo.php on line 72
[04-Apr-2016 10:26:02 UTC] PHP Parse error:  syntax error, unexpected '}' in /home/ubuntu/workspace/galerija/slideshow/demo.php on line 72
[04-Apr-2016 10:26:07 UTC] PHP Parse error:  syntax error, unexpected '}' in /home/ubuntu/workspace/galerija/slideshow/demo.php on line 72
[04-Apr-2016 10:26:08 UTC] PHP Parse error:  syntax error, unexpected '}' in /home/ubuntu/workspace/galerija/slideshow/demo.php on line 72
[04-Apr-2016 10:26:09 UTC] PHP Parse error:  syntax error, unexpected '}' in /home/ubuntu/workspace/galerija/slideshow/demo.php on line 72
[04-Apr-2016 10:27:30 UTC] PHP Parse error:  syntax error, unexpected '}' in /home/ubuntu/workspace/galerija/slideshow/demo.php on line 72
[04-Apr-2016 10:30:15 UTC] PHP Parse error:  syntax error, unexpected '}' in /home/ubuntu/workspace/galerija/slideshow/demo.php on line 72
[04-Apr-2016 10:30:41 UTC] PHP Parse error:  syntax error, unexpected '}' in /home/ubuntu/workspace/galerija/slideshow/demo.php on line 72
[04-Apr-2016 10:30:48 UTC] PHP Parse error:  syntax error, unexpected '}' in /home/ubuntu/workspace/galerija/slideshow/demo.php on line 72
[04-Apr-2016 10:30:53 UTC] PHP Parse error:  syntax error, unexpected '}' in /home/ubuntu/workspace/galerija/slideshow/demo.php on line 72
[04-Apr-2016 10:33:41 UTC] PHP Parse error:  syntax error, unexpected 'foreach' (T_FOREACH), expecting ']' in /home/ubuntu/workspace/galerija/slideshow/demo.php on line 68
[04-Apr-2016 10:33:43 UTC] PHP Parse error:  syntax error, unexpected 'foreach' (T_FOREACH), expecting ']' in /home/ubuntu/workspace/galerija/slideshow/demo.php on line 68
[04-Apr-2016 10:33:58 UTC] PHP Parse error:  syntax error, unexpected '}' in /home/ubuntu/workspace/galerija/slideshow/demo.php on line 72
[04-Apr-2016 10:35:10 UTC] PHP Parse error:  syntax error, unexpected '}' in /home/ubuntu/workspace/galerija/slideshow/demo.php on line 70
[04-Apr-2016 10:41:15 UTC] PHP Parse error:  syntax error, unexpected '}' in /home/ubuntu/workspace/galerija/slideshow/demo.php on line 72
[04-Apr-2016 10:41:30 UTC] PHP Parse error:  syntax error, unexpected '}' in /home/ubuntu/workspace/galerija/slideshow/demo.php on line 72
[04-Apr-2016 10:43:31 UTC] PHP Parse error:  syntax error, unexpected '}' in /home/ubuntu/workspace/galerija/slideshow/demo.php on line 72
[04-Apr-2016 10:48:53 UTC] PHP Parse error:  syntax error, unexpected '}' in /home/ubuntu/workspace/galerija/slideshow/demo.php on line 72
[04-Apr-2016 10:49:03 UTC] PHP Parse error:  syntax error, unexpected '}' in /home/ubuntu/workspace/galerija/slideshow/demo.php on line 72
[04-Apr-2016 10:52:41 UTC] PHP Parse error:  syntax error, unexpected '?>' in /home/ubuntu/workspace/galerija/slideshow/demo.php on line 73
[04-Apr-2016 11:29:24 UTC] PHP Parse error:  syntax error, unexpected end of file in /home/ubuntu/workspace/galerija/slideshow/demo.php on line 146
[04-Apr-2016 11:30:00 UTC] PHP Parse error:  syntax error, unexpected end of file in /home/ubuntu/workspace/galerija/slideshow/demo.php on line 149
[04-Apr-2016 11:30:01 UTC] PHP Parse error:  syntax error, unexpected end of file in /home/ubuntu/workspace/galerija/slideshow/demo.php on line 149
[04-Apr-2016 11:30:22 UTC] PHP Parse error:  syntax error, unexpected end of file in /home/ubuntu/workspace/galerija/slideshow/demo.php on line 149
[04-Apr-2016 11:30:45 UTC] PHP Parse error:  syntax error, unexpected end of file in /home/ubuntu/workspace/galerija/slideshow/demo.php on line 149
[04-Apr-2016 11:30:57 UTC] PHP Parse error:  syntax error, unexpected end of file in /home/ubuntu/workspace/galerija/slideshow/demo.php on line 149
[04-Apr-2016 11:31:15 UTC] PHP Parse error:  syntax error, unexpected end of file in /home/ubuntu/workspace/galerija/slideshow/demo.php on line 149
[04-Apr-2016 11:31:32 UTC] PHP Parse error:  syntax error, unexpected end of file in /home/ubuntu/workspace/galerija/slideshow/demo.php on line 149
[04-Apr-2016 11:32:20 UTC] PHP Parse error:  syntax error, unexpected end of file in /home/ubuntu/workspace/galerija/slideshow/demo.php on line 149
[04-Apr-2016 11:32:22 UTC] PHP Parse error:  syntax error, unexpected end of file in /home/ubuntu/workspace/galerija/slideshow/demo.php on line 149
[04-Apr-2016 11:32:22 UTC] PHP Parse error:  syntax error, unexpected end of file in /home/ubuntu/workspace/galerija/slideshow/demo.php on line 149
[04-Apr-2016 11:32:23 UTC] PHP Parse error:  syntax error, unexpected end of file in /home/ubuntu/workspace/galerija/slideshow/demo.php on line 149
[04-Apr-2016 11:37:42 UTC] PHP Parse error:  syntax error, unexpected ',' in /home/ubuntu/workspace/galerija/slideshow/demo.php on line 77
[04-Apr-2016 11:37:44 UTC] PHP Parse error:  syntax error, unexpected ',' in /home/ubuntu/workspace/galerija/slideshow/demo.php on line 77
[04-Apr-2016 11:37:44 UTC] PHP Parse error:  syntax error, unexpected ',' in /home/ubuntu/workspace/galerija/slideshow/demo.php on line 77
[04-Apr-2016 11:38:46 UTC] PHP Parse error:  syntax error, unexpected end of file in /home/ubuntu/workspace/galerija/slideshow/demo.php on line 149
[04-Apr-2016 11:38:48 UTC] PHP Parse error:  syntax error, unexpected end of file in /home/ubuntu/workspace/galerija/slideshow/demo.php on line 149
[04-Apr-2016 11:39:35 UTC] PHP Parse error:  syntax error, unexpected ',' in /home/ubuntu/workspace/galerija/slideshow/demo.php on line 76
[04-Apr-2016 11:39:36 UTC] PHP Parse error:  syntax error, unexpected ',' in /home/ubuntu/workspace/galerija/slideshow/demo.php on line 76
[04-Apr-2016 11:39:37 UTC] PHP Parse error:  syntax error, unexpected ',' in /home/ubuntu/workspace/galerija/slideshow/demo.php on line 76
[04-Apr-2016 11:55:18 UTC] PHP Parse error:  syntax error, unexpected end of file in /home/ubuntu/workspace/galerija/slideshow/demo.php on line 149
[04-Apr-2016 11:55:29 UTC] PHP Parse error:  syntax error, unexpected end of file in /home/ubuntu/workspace/galerija/slideshow/demo.php on line 149
[11-Apr-2016 06:25:25 UTC] PHP Parse error:  syntax error, unexpected ']' in /home/ubuntu/workspace/galerija/slideshow/demo.php on line 84
[11-Apr-2016 06:25:45 UTC] PHP Parse error:  syntax error, unexpected ']' in /home/ubuntu/workspace/galerija/slideshow/demo.php on line 84
[11-Apr-2016 06:30:07 UTC] PHP Parse error:  syntax error, unexpected 'echo' (T_ECHO) in /home/ubuntu/workspace/galerija/slideshow/test.php on line 7
[11-Apr-2016 06:30:09 UTC] PHP Parse error:  syntax error, unexpected 'echo' (T_ECHO) in /home/ubuntu/workspace/galerija/slideshow/test.php on line 7
[11-Apr-2016 06:30:17 UTC] PHP Parse error:  syntax error, unexpected '?>' in /home/ubuntu/workspace/galerija/slideshow/test.php on line 8
[11-Apr-2016 06:30:18 UTC] PHP Parse error:  syntax error, unexpected '?>' in /home/ubuntu/workspace/galerija/slideshow/test.php on line 8
[11-Apr-2016 06:30:18 UTC] PHP Parse error:  syntax error, unexpected '?>' in /home/ubuntu/workspace/galerija/slideshow/test.php on line 8
[11-Apr-2016 06:30:19 UTC] PHP Parse error:  syntax error, unexpected '?>' in /home/ubuntu/workspace/galerija/slideshow/test.php on line 8
[11-Apr-2016 06:38:14 UTC] PHP Fatal error:  Can't use function return value in write context in /home/ubuntu/workspace/galerija/slideshow/test.php on line 14
[11-Apr-2016 06:38:40 UTC] PHP Fatal error:  Can't use function return value in write context in /home/ubuntu/workspace/galerija/slideshow/test.php on line 14
[11-Apr-2016 06:38:40 UTC] PHP Fatal error:  Can't use function return value in write context in /home/ubuntu/workspace/galerija/slideshow/test.php on line 14
[11-Apr-2016 06:38:41 UTC] PHP Fatal error:  Can't use function return value in write context in /home/ubuntu/workspace/galerija/slideshow/test.php on line 14
[11-Apr-2016 06:38:41 UTC] PHP Fatal error:  Can't use function return value in write context in /home/ubuntu/workspace/galerija/slideshow/test.php on line 14
[11-Apr-2016 06:38:41 UTC] PHP Fatal error:  Can't use function return value in write context in /home/ubuntu/workspace/galerija/slideshow/test.php on line 14
[11-Apr-2016 06:38:41 UTC] PHP Fatal error:  Can't use function return value in write context in /home/ubuntu/workspace/galerija/slideshow/test.php on line 14
[11-Apr-2016 06:38:41 UTC] PHP Fatal error:  Can't use function return value in write context in /home/ubuntu/workspace/galerija/slideshow/test.php on line 14
[11-Apr-2016 06:38:41 UTC] PHP Fatal error:  Can't use function return value in write context in /home/ubuntu/workspace/galerija/slideshow/test.php on line 14
[11-Apr-2016 06:38:41 UTC] PHP Fatal error:  Can't use function return value in write context in /home/ubuntu/workspace/galerija/slideshow/test.php on line 14
[11-Apr-2016 06:38:42 UTC] PHP Fatal error:  Can't use function return value in write context in /home/ubuntu/workspace/galerija/slideshow/test.php on line 14
[11-Apr-2016 06:38:42 UTC] PHP Fatal error:  Can't use function return value in write context in /home/ubuntu/workspace/galerija/slideshow/test.php on line 14
[11-Apr-2016 06:38:42 UTC] PHP Fatal error:  Can't use function return value in write context in /home/ubuntu/workspace/galerija/slideshow/test.php on line 14
[11-Apr-2016 06:38:42 UTC] PHP Fatal error:  Can't use function return value in write context in /home/ubuntu/workspace/galerija/slideshow/test.php on line 14
[11-Apr-2016 06:38:42 UTC] PHP Fatal error:  Can't use function return value in write context in /home/ubuntu/workspace/galerija/slideshow/test.php on line 14
[11-Apr-2016 06:38:42 UTC] PHP Fatal error:  Can't use function return value in write context in /home/ubuntu/workspace/galerija/slideshow/test.php on line 14
[11-Apr-2016 06:38:42 UTC] PHP Fatal error:  Can't use function return value in write context in /home/ubuntu/workspace/galerija/slideshow/test.php on line 14
[11-Apr-2016 06:38:42 UTC] PHP Fatal error:  Can't use function return value in write context in /home/ubuntu/workspace/galerija/slideshow/test.php on line 14
[11-Apr-2016 06:38:42 UTC] PHP Fatal error:  Can't use function return value in write context in /home/ubuntu/workspace/galerija/slideshow/test.php on line 14
[11-Apr-2016 06:38:42 UTC] PHP Fatal error:  Can't use function return value in write context in /home/ubuntu/workspace/galerija/slideshow/test.php on line 14
[11-Apr-2016 06:38:42 UTC] PHP Fatal error:  Can't use function return value in write context in /home/ubuntu/workspace/galerija/slideshow/test.php on line 14
[11-Apr-2016 06:38:42 UTC] PHP Fatal error:  Can't use function return value in write context in /home/ubuntu/workspace/galerija/slideshow/test.php on line 14
[11-Apr-2016 06:38:42 UTC] PHP Fatal error:  Can't use function return value in write context in /home/ubuntu/workspace/galerija/slideshow/test.php on line 14
[11-Apr-2016 06:38:42 UTC] PHP Fatal error:  Can't use function return value in write context in /home/ubuntu/workspace/galerija/slideshow/test.php on line 14
[11-Apr-2016 06:38:42 UTC] PHP Fatal error:  Can't use function return value in write context in /home/ubuntu/workspace/galerija/slideshow/test.php on line 14
[11-Apr-2016 06:38:42 UTC] PHP Fatal error:  Can't use function return value in write context in /home/ubuntu/workspace/galerija/slideshow/test.php on line 14
[11-Apr-2016 06:38:49 UTC] PHP Fatal error:  Can't use function return value in write context in /home/ubuntu/workspace/galerija/slideshow/test.php on line 14
[11-Apr-2016 06:38:50 UTC] PHP Fatal error:  Can't use function return value in write context in /home/ubuntu/workspace/galerija/slideshow/test.php on line 14
[11-Apr-2016 06:38:50 UTC] PHP Fatal error:  Can't use function return value in write context in /home/ubuntu/workspace/galerija/slideshow/test.php on line 14
[11-Apr-2016 06:39:45 UTC] PHP Warning:  opendir(upload/uploads): failed to open dir: No such file or directory in /home/ubuntu/workspace/galerija/slideshow/test.php on line 14
[11-Apr-2016 06:39:45 UTC] PHP Stack trace:
[11-Apr-2016 06:39:45 UTC] PHP   1. {main}() /home/ubuntu/workspace/galerija/slideshow/test.php:0
[11-Apr-2016 06:39:45 UTC] PHP   2. opendir() /home/ubuntu/workspace/galerija/slideshow/test.php:14
[11-Apr-2016 06:39:57 UTC] PHP Warning:  opendir(./upload/uploads): failed to open dir: No such file or directory in /home/ubuntu/workspace/galerija/slideshow/test.php on line 14
[11-Apr-2016 06:39:57 UTC] PHP Stack trace:
[11-Apr-2016 06:39:57 UTC] PHP   1. {main}() /home/ubuntu/workspace/galerija/slideshow/test.php:0
[11-Apr-2016 06:39:57 UTC] PHP   2. opendir() /home/ubuntu/workspace/galerija/slideshow/test.php:14
[11-Apr-2016 06:39:57 UTC] PHP Warning:  opendir(./upload/uploads): failed to open dir: No such file or directory in /home/ubuntu/workspace/galerija/slideshow/test.php on line 14
[11-Apr-2016 06:39:57 UTC] PHP Stack trace:
[11-Apr-2016 06:39:57 UTC] PHP   1. {main}() /home/ubuntu/workspace/galerija/slideshow/test.php:0
[11-Apr-2016 06:39:57 UTC] PHP   2. opendir() /home/ubuntu/workspace/galerija/slideshow/test.php:14
[11-Apr-2016 06:40:20 UTC] PHP Parse error:  syntax error, unexpected '"<br>"' (T_CONSTANT_ENCAPSED_STRING), expecting ',' or ';' in /home/ubuntu/workspace/galerija/slideshow/test.php on line 18
[11-Apr-2016 06:40:33 UTC] PHP Parse error:  syntax error, unexpected 'echo' (T_ECHO), expecting ',' or ';' in /home/ubuntu/workspace/galerija/slideshow/test.php on line 19
[11-Apr-2016 06:41:16 UTC] PHP Warning:  opendir(.~/upload/uploads): failed to open dir: No such file or directory in /home/ubuntu/workspace/galerija/slideshow/test.php on line 14
[11-Apr-2016 06:41:16 UTC] PHP Stack trace:
[11-Apr-2016 06:41:16 UTC] PHP   1. {main}() /home/ubuntu/workspace/galerija/slideshow/test.php:0
[11-Apr-2016 06:41:16 UTC] PHP   2. opendir() /home/ubuntu/workspace/galerija/slideshow/test.php:14
[11-Apr-2016 06:43:02 UTC] PHP Warning:  opendir(../../upload/uploads): failed to open dir: No such file or directory in /home/ubuntu/workspace/galerija/slideshow/test.php on line 14
[11-Apr-2016 06:43:02 UTC] PHP Stack trace:
[11-Apr-2016 06:43:02 UTC] PHP   1. {main}() /home/ubuntu/workspace/galerija/slideshow/test.php:0
[11-Apr-2016 06:43:02 UTC] PHP   2. opendir() /home/ubuntu/workspace/galerija/slideshow/test.php:14
[11-Apr-2016 06:47:30 UTC] PHP Parse error:  syntax error, unexpected end of file in /home/ubuntu/workspace/galerija/slideshow/demo.php on line 149
[11-Apr-2016 06:47:42 UTC] PHP Parse error:  syntax error, unexpected end of file in /home/ubuntu/workspace/galerija/slideshow/demo.php on line 149
[11-Apr-2016 07:18:48 UTC] PHP Parse error:  syntax error, unexpected '?>' in /home/ubuntu/workspace/galerija/slideshow/demo.php on line 79
[11-Apr-2016 07:19:12 UTC] PHP Parse error:  syntax error, unexpected '?>' in /home/ubuntu/workspace/galerija/slideshow/demo.php on line 79
[11-Apr-2016 07:20:12 UTC] PHP Parse error:  syntax error, unexpected end of file in /home/ubuntu/workspace/galerija/slideshow/demo.php on line 155
[11-Apr-2016 07:20:13 UTC] PHP Parse error:  syntax error, unexpected end of file in /home/ubuntu/workspace/galerija/slideshow/demo.php on line 155
